<?xml version="1.0" encoding="UTF-8"?>
<!-- Generated by org.testng.reporters.JUnitXMLReporter -->
<testsuite hostname="DESKTOP-RO5RV81" ignored="0" name="Default test" tests="3" failures="0" timestamp="24 Jan 2020 02:39:39 GMT" time="27.71" errors="0">
  <testcase name="LaunchBrowser" time="15.648" classname="com.TestRunner.Executionwindow"/>
  <testcase name="UserLogin" time="4.293" classname="com.TestRunner.Executionwindow"/>
  <testcase name="applyLeave" time="5.747" classname="com.TestRunner.Executionwindow"/>
</testsuite> <!-- Default test -->
